<?xml version="1.0" encoding="UTF-8"?>
<testng-results total="1" passed="1" failed="0" skipped="0">
  <reporter-output>
    <line>
      <![CDATA[Application Opened]]>
    </line>
    <line>
      <![CDATA[Login completed ]]>
    </line>
    <line>
      <![CDATA[Logout completed ]]>
    </line>
    <line>
      <![CDATA[Application closed ]]>
    </line>
  </reporter-output>
  <suite started-at="2024-03-19T07:38:52Z" name="Suite" finished-at="2024-03-19T07:39:05Z" duration-ms="13050">
    <groups>
    </groups>
    <test started-at="2024-03-19T07:38:52Z" name="Test" finished-at="2024-03-19T07:39:05Z" duration-ms="13050">
      <class name="com.hrms.testscripts.TC001">
        <test-method signature="tc001()[pri:0, instance:com.hrms.testscripts.TC001@1dac5ef]" started-at="2024-03-19T13:08:52Z" name="tc001" finished-at="2024-03-19T13:09:05Z" duration-ms="13030" status="PASS">
          <reporter-output>
            <line>
              <![CDATA[Application Opened]]>
            </line>
            <line>
              <![CDATA[Login completed ]]>
            </line>
            <line>
              <![CDATA[Logout completed ]]>
            </line>
            <line>
              <![CDATA[Application closed ]]>
            </line>
          </reporter-output>
        </test-method> <!-- tc001 -->
      </class> <!-- com.hrms.testscripts.TC001 -->
    </test> <!-- Test -->
  </suite> <!-- Suite -->
</testng-results>
